{"level":"info","message":"Bot API server is running on port 3002","timestamp":"2024-11-11T03:01:58.650Z"}
{"level":"error","message":"Error initializing TS3 Client: Operation `ts3_credentials.findOne()` buffering timed out after 10000ms","timestamp":"2024-11-11T03:02:08.671Z"}
{"level":"info","message":"Bot API server is running on port 3002","timestamp":"2024-11-11T03:12:48.387Z"}
{"level":"error","message":"Error initializing TS3 Client: connect ECONNREFUSED 64.23.190.127:10011","timestamp":"2024-11-11T03:12:53.354Z"}
{"level":"info","message":"Shutting down TS3 Bot...","timestamp":"2024-11-11T03:28:34.234Z"}
{"level":"info","message":"Bot API server is running on port 3002","timestamp":"2024-11-11T03:55:35.847Z"}
{"level":"error","message":"Error initializing TS3 Client: invalid loginname or password","timestamp":"2024-11-11T03:55:37.615Z"}
{"level":"info","message":"Shutting down TS3 Bot...","timestamp":"2024-11-11T03:55:52.851Z"}
{"level":"info","message":"Bot API server is running on port 3002","timestamp":"2024-11-11T03:56:20.713Z"}
{"level":"error","message":"Error initializing TS3 Client: connection failed, you are banned, you may retry in 558 seconds","timestamp":"2024-11-11T03:56:22.133Z"}
{"level":"info","message":"Shutting down TS3 Bot...","timestamp":"2024-11-11T03:56:24.034Z"}
{"level":"info","message":"Bot API server is running on port 3002","timestamp":"2024-11-11T04:09:26.647Z"}
{"level":"info","message":"Connected to TS3 server successfully.","timestamp":"2024-11-11T04:09:28.816Z"}
{"level":"info","message":"Shutting down TS3 Bot...","timestamp":"2024-11-11T04:13:02.421Z"}
{"level":"info","message":"Bot disconnected successfully.","timestamp":"2024-11-11T04:13:02.653Z"}
{"level":"info","message":"Bot API server is running on port 3002","timestamp":"2024-11-11T04:13:06.591Z"}
{"level":"info","message":"Connected to TS3 server successfully.","timestamp":"2024-11-11T04:13:08.473Z"}
{"level":"info","message":"Shutting down TS3 Bot...","timestamp":"2024-11-11T04:14:26.569Z"}
{"level":"info","message":"Bot disconnected successfully.","timestamp":"2024-11-11T04:14:26.775Z"}
{"level":"info","message":"Bot API server is running on port 3002","timestamp":"2024-11-11T04:14:28.776Z"}
{"level":"info","message":"Connected to TS3 server successfully.","timestamp":"2024-11-11T04:14:30.951Z"}
{"level":"info","message":"Shutting down TS3 Bot...","timestamp":"2024-11-11T04:14:32.102Z"}
{"level":"info","message":"Bot disconnected successfully.","timestamp":"2024-11-11T04:14:32.311Z"}
{"level":"info","message":"Bot API server is running on port 3002","timestamp":"2024-11-11T04:25:27.651Z"}
{"level":"info","message":"Connected to TS3 server successfully.","timestamp":"2024-11-11T04:25:29.819Z"}
{"level":"info","message":"Shutting down TS3 Bot...","timestamp":"2024-11-11T04:25:37.881Z"}
{"level":"info","message":"Bot disconnected successfully.","timestamp":"2024-11-11T04:25:38.085Z"}
{"level":"info","message":"Bot API server is running on port 3002","timestamp":"2024-11-11T04:25:57.378Z"}
{"level":"info","message":"Connected to TS3 server successfully.","timestamp":"2024-11-11T04:25:59.428Z"}
{"level":"info","message":"Shutting down TS3 Bot...","timestamp":"2024-11-11T04:28:00.785Z"}
{"level":"info","message":"Bot disconnected successfully.","timestamp":"2024-11-11T04:28:00.994Z"}
{"level":"info","message":"Bot API server is running on port 3002","timestamp":"2024-11-11T04:57:48.637Z"}
{"level":"info","message":"Connected to TS3 server successfully.","timestamp":"2024-11-11T04:57:52.167Z"}
{"level":"info","message":"Shutting down TS3 Bot...","timestamp":"2024-11-11T04:58:25.223Z"}
{"level":"info","message":"Bot disconnected successfully.","timestamp":"2024-11-11T04:58:25.445Z"}
{"level":"info","message":"Bot API server is running on port 3002","timestamp":"2024-11-11T05:06:12.098Z"}
{"level":"info","message":"Connected to TS3 server successfully.","timestamp":"2024-11-11T05:06:14.283Z"}
{"level":"info","message":"Shutting down TS3 Bot...","timestamp":"2024-11-11T05:09:29.637Z"}
{"level":"info","message":"Bot disconnected successfully.","timestamp":"2024-11-11T05:09:29.844Z"}
{"level":"info","message":"Bot API server is running on port 3002","timestamp":"2024-11-11T05:09:31.837Z"}
{"level":"info","message":"Shutting down TS3 Bot...","timestamp":"2024-11-11T05:16:58.571Z"}
{"level":"info","message":"Bot API server is running on port 3002","timestamp":"2024-11-11T05:17:00.998Z"}
{"level":"info","message":"Bot API server is running on port 3002","timestamp":"2024-11-11T05:18:35.695Z"}
{"level":"info","message":"Shutting down TS3 Bot...","timestamp":"2024-11-11T05:18:50.553Z"}
{"level":"info","message":"Bot API server is running on port 3002","timestamp":"2024-11-11T05:20:02.669Z"}
{"level":"info","message":"Shutting down TS3 Bot...","timestamp":"2024-11-11T05:23:30.911Z"}
{"level":"info","message":"Bot API server is running on port 3002","timestamp":"2024-11-11T05:23:34.412Z"}
{"level":"info","message":"Shutting down TS3 Bot...","timestamp":"2024-11-11T05:24:55.062Z"}
{"level":"info","message":"Bot API server is running on port 3002","timestamp":"2024-11-11T05:24:58.064Z"}
{"level":"info","message":"Shutting down TS3 Bot...","timestamp":"2024-11-11T05:31:28.877Z"}
{"level":"info","message":"Bot API server is running on port 3002","timestamp":"2024-11-11T05:31:31.361Z"}
{"level":"info","message":"Bot API server is running on port 3002","timestamp":"2024-11-11T05:59:39.512Z"}
{"level":"info","message":"Shutting down TS3 Bot...","timestamp":"2024-11-11T06:03:45.106Z"}
{"level":"info","message":"Bot API server is running on port 3002","timestamp":"2024-11-11T06:03:47.814Z"}
{"level":"info","message":"Shutting down TS3 Bot...","timestamp":"2024-11-11T06:05:30.627Z"}
{"level":"info","message":"Bot API server is running on port 3002","timestamp":"2024-11-11T06:05:34.559Z"}
{"level":"info","message":"Shutting down TS3 Bot...","timestamp":"2024-11-11T06:06:40.354Z"}
{"level":"info","message":"Bot API server is running on port 3002","timestamp":"2024-11-11T06:06:44.118Z"}
{"level":"info","message":"Shutting down TS3 Bot...","timestamp":"2024-11-11T06:08:18.419Z"}
{"level":"info","message":"Bot API server is running on port 3002","timestamp":"2024-11-11T06:08:21.363Z"}
{"level":"info","message":"Shutting down TS3 Bot...","timestamp":"2024-11-11T06:09:26.106Z"}
{"level":"info","message":"Bot API server is running on port 3002","timestamp":"2024-11-11T06:09:28.396Z"}
{"level":"info","message":"Shutting down TS3 Bot...","timestamp":"2024-11-11T06:10:56.480Z"}
{"level":"info","message":"Bot API server is running on port 3002","timestamp":"2024-11-11T06:10:59.062Z"}
{"level":"info","message":"Shutting down TS3 Bot...","timestamp":"2024-11-11T06:14:34.815Z"}
{"level":"info","message":"Bot API server is running on port 3002","timestamp":"2024-11-11T06:14:36.799Z"}
{"level":"info","message":"Shutting down TS3 Bot...","timestamp":"2024-11-11T06:48:00.455Z"}
{"level":"info","message":"Bot API server is running on port 3002","timestamp":"2024-11-11T06:48:03.901Z"}
{"level":"info","message":"Shutting down TS3 Bot...","timestamp":"2024-11-11T07:00:58.011Z"}
