2024-11-12 05:18:07 [[32minfo[39m]: Connected to MongoDB
2024-11-12 05:18:10 [[32minfo[39m]: TeamSpeak connection established
2024-11-12 05:18:10 [[32minfo[39m]: Bot server running on port
2024-11-12 05:24:42 [[32minfo[39m]: Connected to MongoDB
2024-11-12 05:24:45 [[32minfo[39m]: TeamSpeak connection established
2024-11-12 05:24:45 [[32minfo[39m]: Bot server running on port
2024-11-12 05:27:02 [[32minfo[39m]: Connected to MongoDB
2024-11-12 05:27:05 [[32minfo[39m]: TeamSpeak connection established
2024-11-12 05:27:05 [[32minfo[39m]: Bot server running on port
2024-11-12 05:28:38 [[32minfo[39m]: Connected to MongoDB
2024-11-12 05:28:41 [[32minfo[39m]: TeamSpeak connection established
2024-11-12 05:28:41 [[32minfo[39m]: Bot server running on port
2024-11-12 05:30:13 [[32minfo[39m]: Connected to MongoDB
2024-11-12 05:30:16 [[32minfo[39m]: TeamSpeak connection established
2024-11-12 05:30:16 [[32minfo[39m]: Bot server running on port
2024-11-12 05:36:47 [[32minfo[39m]: Connected to MongoDB
2024-11-12 05:36:50 [[32minfo[39m]: TeamSpeak connection established
2024-11-12 05:36:50 [[32minfo[39m]: Bot server running on port
2024-11-12 05:39:06 [[32minfo[39m]: Connected to MongoDB
2024-11-12 05:39:08 [[32minfo[39m]: TeamSpeak connection established
2024-11-12 05:39:08 [[32minfo[39m]: Bot server running on port
2024-11-12 05:40:52 [[32minfo[39m]: Connected to MongoDB
2024-11-12 05:40:55 [[32minfo[39m]: TeamSpeak connection established
2024-11-12 05:40:55 [[32minfo[39m]: Bot server running on port
2024-11-12 05:42:39 [[32minfo[39m]: Connected to MongoDB
2024-11-12 05:42:43 [[32minfo[39m]: TeamSpeak connection established
2024-11-12 05:42:43 [[32minfo[39m]: Bot server running on port
2024-11-12 05:46:14 [[32minfo[39m]: Connected to MongoDB
2024-11-12 05:46:17 [[32minfo[39m]: TeamSpeak connection established
2024-11-12 05:46:17 [[32minfo[39m]: Bot server running on port
2024-11-12 05:49:57 [[32minfo[39m]: Connected to MongoDB
2024-11-12 05:50:00 [[32minfo[39m]: Channel created successfully:
2024-11-12 05:50:00 [[32minfo[39m]: TeamSpeak connection established
2024-11-12 05:50:00 [[32minfo[39m]: Bot server running on port
2024-11-12 06:08:50 [[32minfo[39m]: Connected to MongoDB
2024-11-12 06:08:53 [[32minfo[39m]: Channel created successfully:
2024-11-12 06:08:53 [[32minfo[39m]: TeamSpeak connection established
2024-11-12 06:08:53 [[32minfo[39m]: Bot server running on port
2024-11-12 06:09:41 [[32minfo[39m]: Connected to MongoDB
2024-11-12 06:09:44 [[32minfo[39m]: Using existing status channel:
2024-11-12 06:09:44 [[32minfo[39m]: TeamSpeak connection established
2024-11-12 06:09:44 [[32minfo[39m]: Bot server running on port
2024-11-12 06:12:27 [[32minfo[39m]: Connected to MongoDB
2024-11-12 06:12:30 [[32minfo[39m]: Using existing status channel:
2024-11-12 06:12:30 [[32minfo[39m]: TeamSpeak connection established
2024-11-12 06:12:30 [[32minfo[39m]: Bot server running on port
