{"level":"info","message":"Bot API server is running on port 3002","timestamp":"2024-10-29T18:23:53.994Z"}
{"level":"info","message":"Received request for bot status","timestamp":"2024-10-29T18:24:00.233Z"}
{"level":"info","message":"Received request for bot status","timestamp":"2024-10-29T18:24:00.236Z"}
{"level":"error","message":"Error initializing TS3 Client: Socket Timeout reached","timestamp":"2024-10-29T18:24:05.296Z"}
{"level":"info","message":"Received request for bot status","timestamp":"2024-10-29T18:24:05.723Z"}
{"level":"info","message":"Received request for bot status","timestamp":"2024-10-29T18:24:05.725Z"}
{"level":"info","message":"Received request for bot status","timestamp":"2024-10-29T18:24:15.748Z"}
{"level":"info","message":"Received request for bot status","timestamp":"2024-10-29T18:24:15.750Z"}
{"level":"info","message":"Received request for bot status","timestamp":"2024-10-29T18:24:25.747Z"}
{"level":"info","message":"Received request for bot status","timestamp":"2024-10-29T18:24:25.753Z"}
{"level":"info","message":"Received request for bot status","timestamp":"2024-10-29T18:24:35.870Z"}
{"level":"info","message":"Received request for bot status","timestamp":"2024-10-29T18:24:35.872Z"}
{"level":"info","message":"Received request for bot status","timestamp":"2024-10-29T18:24:45.870Z"}
{"level":"info","message":"Received request for bot status","timestamp":"2024-10-29T18:24:45.873Z"}
{"level":"info","message":"Received request for bot status","timestamp":"2024-10-29T18:24:55.887Z"}
{"level":"info","message":"Received request for bot status","timestamp":"2024-10-29T18:24:55.889Z"}
{"level":"info","message":"Received request for bot status","timestamp":"2024-10-29T18:24:56.977Z"}
{"level":"info","message":"Received request for bot status","timestamp":"2024-10-29T18:24:56.980Z"}
{"level":"info","message":"Received request for bot status","timestamp":"2024-10-29T18:25:05.878Z"}
{"level":"info","message":"Received request for bot status","timestamp":"2024-10-29T18:25:05.887Z"}
{"level":"error","message":"Error initializing TS3 Client: Socket Timeout reached","timestamp":"2024-10-29T18:25:12.173Z"}
{"level":"info","message":"Received request for bot status","timestamp":"2024-10-29T18:25:17.593Z"}
{"level":"info","message":"Received request for bot status","timestamp":"2024-10-29T18:25:17.595Z"}
{"level":"info","message":"Received request for bot status","timestamp":"2024-10-29T18:25:17.596Z"}
{"level":"info","message":"Received request for bot status","timestamp":"2024-10-29T18:25:17.599Z"}
{"level":"info","message":"Received request for bot status","timestamp":"2024-10-29T18:25:27.573Z"}
{"level":"info","message":"Received request for bot status","timestamp":"2024-10-29T18:25:27.574Z"}
{"level":"info","message":"Received request for bot status","timestamp":"2024-10-29T18:25:37.187Z"}
{"level":"info","message":"Received request for bot status","timestamp":"2024-10-29T18:25:37.188Z"}
{"level":"info","message":"Received request for bot status","timestamp":"2024-10-29T18:25:37.569Z"}
{"level":"info","message":"Received request for bot status","timestamp":"2024-10-29T18:25:37.571Z"}
{"level":"info","message":"Received request for bot status","timestamp":"2024-10-29T18:25:43.357Z"}
{"level":"info","message":"Received request for bot status","timestamp":"2024-10-29T18:25:43.359Z"}
{"level":"info","message":"Received request for bot status","timestamp":"2024-10-29T18:25:49.133Z"}
{"level":"info","message":"Received request for bot status","timestamp":"2024-10-29T18:25:49.134Z"}
{"level":"info","message":"Received request for bot status","timestamp":"2024-10-29T18:25:53.407Z"}
{"level":"info","message":"Received request for bot status","timestamp":"2024-10-29T18:25:53.409Z"}
{"level":"error","message":"Error initializing TS3 Client: Socket Timeout reached","timestamp":"2024-10-29T18:25:55.236Z"}
{"level":"info","message":"Received request for bot status","timestamp":"2024-10-29T18:25:57.815Z"}
{"level":"info","message":"Received request for bot status","timestamp":"2024-10-29T18:25:57.816Z"}
{"level":"error","message":"Error initializing TS3 Client: Socket Timeout reached","timestamp":"2024-10-29T18:26:01.893Z"}
{"level":"info","message":"Received request for bot status","timestamp":"2024-10-29T18:26:03.348Z"}
{"level":"info","message":"Received request for bot status","timestamp":"2024-10-29T18:26:03.349Z"}
{"level":"info","message":"Received request for bot status","timestamp":"2024-10-29T18:26:03.417Z"}
{"level":"info","message":"Received request for bot status","timestamp":"2024-10-29T18:26:03.419Z"}
{"level":"info","message":"Received request for bot status","timestamp":"2024-10-29T18:26:13.443Z"}
{"level":"info","message":"Received request for bot status","timestamp":"2024-10-29T18:26:13.445Z"}
{"level":"info","message":"Received request for bot status","timestamp":"2024-10-29T18:26:23.453Z"}
{"level":"info","message":"Received request for bot status","timestamp":"2024-10-29T18:26:23.455Z"}
{"level":"info","message":"Received request for bot status","timestamp":"2024-10-29T18:26:33.458Z"}
{"level":"info","message":"Received request for bot status","timestamp":"2024-10-29T18:26:33.466Z"}
{"level":"info","message":"Received request for bot status","timestamp":"2024-10-29T18:26:43.597Z"}
{"level":"info","message":"Received request for bot status","timestamp":"2024-10-29T18:26:43.598Z"}
{"level":"info","message":"Received request for bot status","timestamp":"2024-10-29T18:26:53.586Z"}
{"level":"info","message":"Received request for bot status","timestamp":"2024-10-29T18:26:53.587Z"}
{"level":"info","message":"Received request for bot status","timestamp":"2024-10-29T18:27:03.576Z"}
{"level":"info","message":"Received request for bot status","timestamp":"2024-10-29T18:27:04.589Z"}
{"level":"info","message":"Received request for bot status","timestamp":"2024-10-29T18:27:14.070Z"}
{"level":"info","message":"Received request for bot status","timestamp":"2024-10-29T18:27:15.091Z"}
{"level":"info","message":"Shutting down TS3 Bot...","timestamp":"2024-10-29T18:27:16.817Z"}
{"level":"info","message":"Bot API server is running on port 3002","timestamp":"2024-10-29T18:27:19.955Z"}
{"level":"info","message":"Received request for bot status","timestamp":"2024-10-29T18:27:24.078Z"}
{"level":"info","message":"Received request for bot status","timestamp":"2024-10-29T18:27:25.102Z"}
{"level":"error","message":"Error initializing TS3 Client: Socket Timeout reached","timestamp":"2024-10-29T18:27:31.101Z"}
{"level":"info","message":"Received request for bot status","timestamp":"2024-10-29T18:27:34.081Z"}
{"level":"info","message":"Received request for bot status","timestamp":"2024-10-29T18:27:35.112Z"}
{"level":"info","message":"Received request for bot status","timestamp":"2024-10-29T18:27:44.260Z"}
{"level":"info","message":"Received request for bot status","timestamp":"2024-10-29T18:27:45.124Z"}
{"level":"info","message":"Received request for bot status","timestamp":"2024-10-29T18:27:54.084Z"}
{"level":"info","message":"Received request for bot status","timestamp":"2024-10-29T18:27:55.134Z"}
{"level":"info","message":"Received request for bot status","timestamp":"2024-10-29T18:28:04.089Z"}
{"level":"info","message":"Received request for bot status","timestamp":"2024-10-29T18:28:05.150Z"}
{"level":"info","message":"Received request for bot status","timestamp":"2024-10-29T18:28:14.089Z"}
{"level":"info","message":"Received request for bot status","timestamp":"2024-10-29T18:28:15.157Z"}
{"level":"info","message":"Received request for bot status","timestamp":"2024-10-29T18:28:24.089Z"}
{"level":"info","message":"Received request for bot status","timestamp":"2024-10-29T18:28:25.166Z"}
{"level":"info","message":"Received request for bot status","timestamp":"2024-10-29T18:28:34.524Z"}
{"level":"info","message":"Received request for bot status","timestamp":"2024-10-29T18:28:35.543Z"}
{"level":"info","message":"Received request for bot status","timestamp":"2024-10-29T18:28:44.543Z"}
{"level":"info","message":"Received request for bot status","timestamp":"2024-10-29T18:28:45.560Z"}
{"level":"info","message":"Received request for bot status","timestamp":"2024-10-29T18:28:54.547Z"}
{"level":"info","message":"Received request for bot status","timestamp":"2024-10-29T18:28:55.587Z"}
{"level":"info","message":"Received request for bot status","timestamp":"2024-10-29T18:29:04.551Z"}
{"level":"info","message":"Received request for bot status","timestamp":"2024-10-29T18:29:05.587Z"}
{"level":"info","message":"Received request for bot status","timestamp":"2024-10-29T18:29:14.623Z"}
{"level":"info","message":"Received request for bot status","timestamp":"2024-10-29T18:29:15.645Z"}
{"level":"info","message":"Received request for bot status","timestamp":"2024-10-29T18:29:24.628Z"}
{"level":"info","message":"Received request for bot status","timestamp":"2024-10-29T18:29:25.650Z"}
{"level":"info","message":"Received request for bot status","timestamp":"2024-10-29T18:29:34.632Z"}
{"level":"info","message":"Received request for bot status","timestamp":"2024-10-29T18:29:35.665Z"}
{"level":"info","message":"Received request for bot status","timestamp":"2024-10-29T18:29:44.638Z"}
{"level":"info","message":"Received request for bot status","timestamp":"2024-10-29T18:29:45.668Z"}
{"level":"info","message":"Received request for bot status","timestamp":"2024-10-29T18:29:54.840Z"}
{"level":"info","message":"Received request for bot status","timestamp":"2024-10-29T18:29:55.680Z"}
{"level":"info","message":"Received request for bot status","timestamp":"2024-10-29T18:30:04.662Z"}
{"level":"info","message":"Received request for bot status","timestamp":"2024-10-29T18:30:05.683Z"}
{"level":"info","message":"Received request for bot status","timestamp":"2024-10-29T18:30:14.657Z"}
{"level":"info","message":"Received request for bot status","timestamp":"2024-10-29T18:30:15.694Z"}
{"level":"info","message":"Received request for bot status","timestamp":"2024-10-29T18:30:24.670Z"}
{"level":"info","message":"Received request for bot status","timestamp":"2024-10-29T18:30:25.711Z"}
{"level":"info","message":"Received request for bot status","timestamp":"2024-10-29T18:30:34.680Z"}
{"level":"info","message":"Received request for bot status","timestamp":"2024-10-29T18:30:35.723Z"}
{"level":"info","message":"Received request for bot status","timestamp":"2024-10-29T18:30:44.699Z"}
{"level":"info","message":"Received request for bot status","timestamp":"2024-10-29T18:30:45.723Z"}
{"level":"info","message":"Received request for bot status","timestamp":"2024-10-29T18:30:54.702Z"}
{"level":"info","message":"Shutting down TS3 Bot...","timestamp":"2024-10-29T18:30:54.833Z"}
{"level":"info","message":"Bot API server is running on port 3002","timestamp":"2024-10-29T18:40:56.510Z"}
{"level":"info","message":"Received request for bot status","timestamp":"2024-10-29T18:40:56.783Z"}
{"level":"info","message":"Received request for bot status","timestamp":"2024-10-29T18:40:56.786Z"}
{"level":"info","message":"Received request for bot status","timestamp":"2024-10-29T18:41:05.234Z"}
{"level":"info","message":"Received request for bot status","timestamp":"2024-10-29T18:41:06.256Z"}
{"level":"error","message":"Error initializing TS3 Client: Socket Timeout reached","timestamp":"2024-10-29T18:41:07.609Z"}
{"level":"info","message":"Received request for bot status","timestamp":"2024-10-29T18:41:11.590Z"}
{"level":"info","message":"Received request for bot status","timestamp":"2024-10-29T18:41:11.592Z"}
{"level":"info","message":"Received request for bot status","timestamp":"2024-10-29T18:41:12.912Z"}
{"level":"info","message":"Received request for bot status","timestamp":"2024-10-29T18:41:12.914Z"}
{"level":"info","message":"Received request for bot status","timestamp":"2024-10-29T18:41:23.205Z"}
{"level":"info","message":"Received request for bot status","timestamp":"2024-10-29T18:41:23.207Z"}
{"level":"info","message":"Received request for bot status","timestamp":"2024-10-29T18:41:33.949Z"}
{"level":"info","message":"Received request for bot status","timestamp":"2024-10-29T18:41:33.951Z"}
{"level":"info","message":"Received request for bot status","timestamp":"2024-10-29T18:41:43.944Z"}
{"level":"info","message":"Received request for bot status","timestamp":"2024-10-29T18:41:43.946Z"}
{"level":"info","message":"Received request for bot status","timestamp":"2024-10-29T18:41:53.958Z"}
{"level":"info","message":"Received request for bot status","timestamp":"2024-10-29T18:41:53.960Z"}
{"level":"info","message":"Received request for bot status","timestamp":"2024-10-29T18:42:03.982Z"}
{"level":"info","message":"Received request for bot status","timestamp":"2024-10-29T18:42:03.984Z"}
{"level":"info","message":"Received request for bot status","timestamp":"2024-10-29T18:42:07.891Z"}
{"level":"info","message":"Received request for bot status","timestamp":"2024-10-29T18:42:07.894Z"}
{"level":"info","message":"Received request for bot status","timestamp":"2024-10-29T18:42:13.886Z"}
{"level":"info","message":"Received request for bot status","timestamp":"2024-10-29T18:42:13.888Z"}
{"level":"info","message":"Connected to TS3 server successfully.","timestamp":"2024-10-29T18:42:17.513Z"}
{"level":"info","message":"Received request for bot status","timestamp":"2024-10-29T18:42:18.594Z"}
{"level":"info","message":"Received request for bot status","timestamp":"2024-10-29T18:42:18.599Z"}
{"level":"info","message":"Received request for bot status","timestamp":"2024-10-29T18:42:18.601Z"}
{"level":"info","message":"Received request for bot status","timestamp":"2024-10-29T18:42:18.602Z"}
{"level":"error","message":"Error initializing TS3 Client: Socket Timeout reached","timestamp":"2024-10-29T18:42:19.447Z"}
{"level":"info","message":"Received request for bot status","timestamp":"2024-10-29T18:42:20.739Z"}
{"level":"info","message":"Received request for bot status","timestamp":"2024-10-29T18:42:20.740Z"}
{"level":"info","message":"Received request for bot status","timestamp":"2024-10-29T18:42:28.715Z"}
{"level":"info","message":"Received request for bot status","timestamp":"2024-10-29T18:42:28.716Z"}
{"level":"info","message":"Received request for bot status","timestamp":"2024-10-29T18:42:38.730Z"}
{"level":"info","message":"Received request for bot status","timestamp":"2024-10-29T18:42:38.732Z"}
{"level":"info","message":"Received request for bot status","timestamp":"2024-10-29T18:42:49.059Z"}
{"level":"info","message":"Received request for bot status","timestamp":"2024-10-29T18:42:49.060Z"}
{"level":"warn","message":"TS3 Client disconnected.","timestamp":"2024-10-29T18:42:50.760Z"}
{"level":"info","message":"Received request for bot status","timestamp":"2024-10-29T18:42:51.872Z"}
{"level":"info","message":"Received request for bot status","timestamp":"2024-10-29T18:42:51.873Z"}
{"level":"info","message":"Received request for bot status","timestamp":"2024-10-29T18:42:59.077Z"}
{"level":"info","message":"Received request for bot status","timestamp":"2024-10-29T18:42:59.079Z"}
{"level":"info","message":"Received request for bot status","timestamp":"2024-10-29T18:43:09.081Z"}
{"level":"info","message":"Received request for bot status","timestamp":"2024-10-29T18:43:09.084Z"}
{"level":"info","message":"Received request for bot status","timestamp":"2024-10-29T18:43:19.090Z"}
{"level":"info","message":"Received request for bot status","timestamp":"2024-10-29T18:43:19.092Z"}
{"level":"info","message":"Connected to TS3 server successfully.","timestamp":"2024-10-29T18:43:25.569Z"}
{"level":"info","message":"Received request for bot status","timestamp":"2024-10-29T18:43:29.370Z"}
{"level":"info","message":"Received request for bot status","timestamp":"2024-10-29T18:43:29.371Z"}
{"level":"info","message":"Received request for bot status","timestamp":"2024-10-29T18:43:29.374Z"}
{"level":"info","message":"Received request for bot status","timestamp":"2024-10-29T18:43:29.376Z"}
{"level":"info","message":"Received request for bot status","timestamp":"2024-10-29T18:43:39.375Z"}
{"level":"info","message":"Received request for bot status","timestamp":"2024-10-29T18:43:39.376Z"}
{"level":"info","message":"Received request for bot status","timestamp":"2024-10-29T18:43:49.377Z"}
{"level":"info","message":"Received request for bot status","timestamp":"2024-10-29T18:43:49.379Z"}
{"level":"info","message":"Received request for bot status","timestamp":"2024-10-29T18:43:59.394Z"}
{"level":"info","message":"Received request for bot status","timestamp":"2024-10-29T18:43:59.396Z"}
{"level":"info","message":"Received request for bot status","timestamp":"2024-10-29T18:44:09.395Z"}
{"level":"info","message":"Received request for bot status","timestamp":"2024-10-29T18:44:09.398Z"}
{"level":"info","message":"Received request for bot status","timestamp":"2024-10-29T18:44:19.604Z"}
{"level":"info","message":"Received request for bot status","timestamp":"2024-10-29T18:44:20.398Z"}
{"level":"info","message":"Received request for bot status","timestamp":"2024-10-29T18:44:29.401Z"}
{"level":"info","message":"Received request for bot status","timestamp":"2024-10-29T18:44:30.399Z"}
{"level":"info","message":"Received request for bot status","timestamp":"2024-10-29T18:44:39.411Z"}
{"level":"info","message":"Received request for bot status","timestamp":"2024-10-29T18:44:40.411Z"}
{"level":"info","message":"Received request for bot status","timestamp":"2024-10-29T18:44:49.409Z"}
{"level":"info","message":"Received request for bot status","timestamp":"2024-10-29T18:44:50.424Z"}
{"level":"info","message":"Received request for bot status","timestamp":"2024-10-29T18:44:59.411Z"}
{"level":"info","message":"Received request for bot status","timestamp":"2024-10-29T18:45:00.438Z"}
{"level":"info","message":"Received request for bot status","timestamp":"2024-10-29T18:45:10.431Z"}
{"level":"info","message":"Received request for bot status","timestamp":"2024-10-29T18:45:11.431Z"}
{"level":"info","message":"Received request for bot status","timestamp":"2024-10-29T18:45:20.437Z"}
{"level":"info","message":"Received request for bot status","timestamp":"2024-10-29T18:45:21.435Z"}
{"level":"info","message":"Received request for bot status","timestamp":"2024-10-29T18:45:30.444Z"}
{"level":"info","message":"Received request for bot status","timestamp":"2024-10-29T18:45:31.440Z"}
{"level":"info","message":"Received request for bot status","timestamp":"2024-10-29T18:45:40.447Z"}
{"level":"info","message":"Received request for bot status","timestamp":"2024-10-29T18:45:41.456Z"}
{"level":"info","message":"Received request for bot status","timestamp":"2024-10-29T18:45:50.445Z"}
{"level":"info","message":"Received request for bot status","timestamp":"2024-10-29T18:45:51.458Z"}
{"level":"info","message":"Received request for bot status","timestamp":"2024-10-29T18:46:00.471Z"}
{"level":"info","message":"Received request for bot status","timestamp":"2024-10-29T18:46:01.462Z"}
{"level":"info","message":"Received request for bot status","timestamp":"2024-10-29T18:46:10.470Z"}
{"level":"info","message":"Received request for bot status","timestamp":"2024-10-29T18:46:11.496Z"}
{"level":"info","message":"Received request for bot status","timestamp":"2024-10-29T18:46:20.541Z"}
{"level":"info","message":"Received request for bot status","timestamp":"2024-10-29T18:46:21.481Z"}
{"level":"info","message":"Received request for bot status","timestamp":"2024-10-29T18:46:30.478Z"}
{"level":"info","message":"Received request for bot status","timestamp":"2024-10-29T18:46:31.492Z"}
{"level":"info","message":"Received request for bot status","timestamp":"2024-10-29T18:46:40.498Z"}
{"level":"info","message":"Received request for bot status","timestamp":"2024-10-29T18:46:41.498Z"}
{"level":"info","message":"Received request for bot status","timestamp":"2024-10-29T18:46:50.531Z"}
{"level":"info","message":"Received request for bot status","timestamp":"2024-10-29T18:46:51.500Z"}
{"level":"info","message":"Received request for bot status","timestamp":"2024-10-29T18:47:01.227Z"}
{"level":"info","message":"Received request for bot status","timestamp":"2024-10-29T18:47:02.232Z"}
{"level":"info","message":"Received request for bot status","timestamp":"2024-10-29T18:47:11.240Z"}
{"level":"info","message":"Received request for bot status","timestamp":"2024-10-29T18:47:12.238Z"}
{"level":"info","message":"Received request for bot status","timestamp":"2024-10-29T18:47:21.246Z"}
{"level":"info","message":"Received request for bot status","timestamp":"2024-10-29T18:47:22.251Z"}
{"level":"info","message":"Received request for bot status","timestamp":"2024-10-29T18:47:31.261Z"}
{"level":"info","message":"Received request for bot status","timestamp":"2024-10-29T18:47:32.264Z"}
{"level":"info","message":"Received request for bot status","timestamp":"2024-10-29T18:47:41.534Z"}
{"level":"info","message":"Received request for bot status","timestamp":"2024-10-29T18:47:42.276Z"}
{"level":"info","message":"Received request for bot status","timestamp":"2024-10-29T18:47:51.286Z"}
{"level":"info","message":"Received request for bot status","timestamp":"2024-10-29T18:47:52.286Z"}
{"level":"info","message":"Received request for bot status","timestamp":"2024-10-29T18:48:01.300Z"}
{"level":"info","message":"Received request for bot status","timestamp":"2024-10-29T18:48:02.288Z"}
{"level":"info","message":"Received request for bot status","timestamp":"2024-10-29T18:48:11.294Z"}
{"level":"info","message":"Received request for bot status","timestamp":"2024-10-29T18:48:12.288Z"}
{"level":"info","message":"Shutting down TS3 Bot...","timestamp":"2024-10-29T18:48:17.669Z"}
{"level":"info","message":"Bot disconnected successfully.","timestamp":"2024-10-29T18:48:17.887Z"}
{"level":"info","message":"Bot API server is running on port 3002","timestamp":"2024-10-29T18:48:55.815Z"}
{"level":"info","message":"Connected to TS3 server successfully.","timestamp":"2024-10-29T18:48:58.372Z"}
{"level":"info","message":"Received request for bot status","timestamp":"2024-10-29T18:49:28.903Z"}
{"level":"info","message":"Received request for bot status","timestamp":"2024-10-29T18:49:29.392Z"}
{"level":"info","message":"Bot API server is running on port 3002","timestamp":"2024-10-30T14:07:40.149Z"}
{"level":"error","message":"Error initializing TS3 Client: invalid loginname or password","timestamp":"2024-10-30T14:07:41.752Z"}
{"level":"info","message":"Received request for bot status","timestamp":"2024-10-30T14:08:02.628Z"}
{"level":"info","message":"Received request for bot status","timestamp":"2024-10-30T14:08:02.636Z"}
{"level":"error","message":"Error initializing TS3 Client: invalid loginname or password","timestamp":"2024-10-30T14:08:07.749Z"}
{"level":"info","message":"Received request for bot status","timestamp":"2024-10-30T14:08:09.092Z"}
{"level":"info","message":"Received request for bot status","timestamp":"2024-10-30T14:08:09.094Z"}
{"level":"info","message":"Received request for bot status","timestamp":"2024-10-30T14:08:12.854Z"}
{"level":"info","message":"Received request for bot status","timestamp":"2024-10-30T14:08:12.856Z"}
{"level":"info","message":"Received request for bot status","timestamp":"2024-10-30T14:08:22.892Z"}
{"level":"info","message":"Received request for bot status","timestamp":"2024-10-30T14:08:22.894Z"}
{"level":"info","message":"Received request for bot status","timestamp":"2024-10-30T14:08:33.263Z"}
{"level":"info","message":"Received request for bot status","timestamp":"2024-10-30T14:08:33.265Z"}
{"level":"info","message":"Received request for bot status","timestamp":"2024-10-30T14:08:43.277Z"}
{"level":"info","message":"Received request for bot status","timestamp":"2024-10-30T14:08:43.279Z"}
{"level":"info","message":"Received request for bot status","timestamp":"2024-10-30T14:08:53.278Z"}
{"level":"info","message":"Received request for bot status","timestamp":"2024-10-30T14:08:53.280Z"}
{"level":"info","message":"Received request for bot status","timestamp":"2024-10-30T14:09:03.284Z"}
{"level":"info","message":"Received request for bot status","timestamp":"2024-10-30T14:09:03.286Z"}
{"level":"info","message":"Received request for bot status","timestamp":"2024-10-30T14:09:13.292Z"}
{"level":"info","message":"Received request for bot status","timestamp":"2024-10-30T14:09:13.294Z"}
{"level":"info","message":"Received request for bot status","timestamp":"2024-10-30T14:09:23.305Z"}
{"level":"info","message":"Received request for bot status","timestamp":"2024-10-30T14:09:23.306Z"}
{"level":"info","message":"Received request for bot status","timestamp":"2024-10-30T14:09:33.318Z"}
{"level":"info","message":"Received request for bot status","timestamp":"2024-10-30T14:09:33.319Z"}
{"level":"info","message":"Received request for bot status","timestamp":"2024-10-30T14:09:43.319Z"}
{"level":"info","message":"Received request for bot status","timestamp":"2024-10-30T14:09:43.322Z"}
{"level":"info","message":"Received request for bot status","timestamp":"2024-10-30T14:09:53.347Z"}
{"level":"info","message":"Received request for bot status","timestamp":"2024-10-30T14:09:53.350Z"}
{"level":"info","message":"Received request for bot status","timestamp":"2024-10-30T14:10:03.337Z"}
{"level":"info","message":"Received request for bot status","timestamp":"2024-10-30T14:10:03.339Z"}
{"level":"info","message":"Received request for bot status","timestamp":"2024-10-30T14:10:13.341Z"}
{"level":"info","message":"Received request for bot status","timestamp":"2024-10-30T14:10:13.342Z"}
{"level":"info","message":"Received request for bot status","timestamp":"2024-10-30T14:10:23.811Z"}
{"level":"info","message":"Received request for bot status","timestamp":"2024-10-30T14:10:23.814Z"}
{"level":"info","message":"Received request for bot status","timestamp":"2024-10-30T14:10:33.817Z"}
{"level":"info","message":"Received request for bot status","timestamp":"2024-10-30T14:10:33.819Z"}
{"level":"info","message":"Received request for bot status","timestamp":"2024-10-30T14:10:43.823Z"}
{"level":"info","message":"Received request for bot status","timestamp":"2024-10-30T14:10:43.824Z"}
{"level":"info","message":"Received request for bot status","timestamp":"2024-10-30T14:10:53.824Z"}
{"level":"info","message":"Received request for bot status","timestamp":"2024-10-30T14:10:53.826Z"}
{"level":"info","message":"Received request for bot status","timestamp":"2024-10-30T14:11:03.855Z"}
{"level":"info","message":"Received request for bot status","timestamp":"2024-10-30T14:11:03.856Z"}
{"level":"info","message":"Received request for bot status","timestamp":"2024-10-30T14:11:13.852Z"}
{"level":"info","message":"Received request for bot status","timestamp":"2024-10-30T14:11:13.855Z"}
{"level":"info","message":"Received request for bot status","timestamp":"2024-10-30T14:11:24.102Z"}
{"level":"info","message":"Received request for bot status","timestamp":"2024-10-30T14:11:24.104Z"}
{"level":"info","message":"Received request for bot status","timestamp":"2024-10-30T14:11:34.299Z"}
{"level":"info","message":"Received request for bot status","timestamp":"2024-10-30T14:11:34.301Z"}
{"level":"info","message":"Received request for bot status","timestamp":"2024-10-30T14:11:44.109Z"}
{"level":"info","message":"Received request for bot status","timestamp":"2024-10-30T14:11:44.110Z"}
{"level":"info","message":"Received request for bot status","timestamp":"2024-10-30T14:11:54.123Z"}
{"level":"info","message":"Received request for bot status","timestamp":"2024-10-30T14:11:54.124Z"}
{"level":"info","message":"Received request for bot status","timestamp":"2024-10-30T14:12:04.132Z"}
{"level":"info","message":"Received request for bot status","timestamp":"2024-10-30T14:12:04.133Z"}
{"level":"info","message":"Received request for bot status","timestamp":"2024-10-30T14:12:14.141Z"}
{"level":"info","message":"Received request for bot status","timestamp":"2024-10-30T14:12:14.142Z"}
{"level":"info","message":"Received request for bot status","timestamp":"2024-10-30T14:12:24.154Z"}
{"level":"info","message":"Received request for bot status","timestamp":"2024-10-30T14:12:24.155Z"}
{"level":"info","message":"Received request for bot status","timestamp":"2024-10-30T14:12:34.164Z"}
{"level":"info","message":"Received request for bot status","timestamp":"2024-10-30T14:12:34.166Z"}
{"level":"info","message":"Received request for bot status","timestamp":"2024-10-30T14:12:44.163Z"}
{"level":"info","message":"Received request for bot status","timestamp":"2024-10-30T14:12:44.164Z"}
{"level":"info","message":"Received request for bot status","timestamp":"2024-10-30T14:12:54.167Z"}
{"level":"info","message":"Received request for bot status","timestamp":"2024-10-30T14:12:54.168Z"}
{"level":"info","message":"Received request for bot status","timestamp":"2024-10-30T14:13:04.181Z"}
{"level":"info","message":"Received request for bot status","timestamp":"2024-10-30T14:13:04.184Z"}
{"level":"info","message":"Received request for bot status","timestamp":"2024-10-30T14:13:14.196Z"}
{"level":"info","message":"Received request for bot status","timestamp":"2024-10-30T14:13:14.198Z"}
{"level":"info","message":"Received request for bot status","timestamp":"2024-10-30T14:13:24.210Z"}
{"level":"info","message":"Received request for bot status","timestamp":"2024-10-30T14:13:24.211Z"}
{"level":"info","message":"Received request for bot status","timestamp":"2024-10-30T14:13:34.334Z"}
{"level":"info","message":"Received request for bot status","timestamp":"2024-10-30T14:13:34.336Z"}
{"level":"info","message":"Received request for bot status","timestamp":"2024-10-30T14:13:44.436Z"}
{"level":"info","message":"Received request for bot status","timestamp":"2024-10-30T14:13:44.438Z"}
{"level":"info","message":"Received request for bot status","timestamp":"2024-10-30T14:13:54.437Z"}
{"level":"info","message":"Received request for bot status","timestamp":"2024-10-30T14:13:54.438Z"}
{"level":"info","message":"Received request for bot status","timestamp":"2024-10-30T14:14:04.450Z"}
{"level":"info","message":"Received request for bot status","timestamp":"2024-10-30T14:14:04.452Z"}
{"level":"info","message":"Received request for bot status","timestamp":"2024-10-30T14:14:14.452Z"}
{"level":"info","message":"Received request for bot status","timestamp":"2024-10-30T14:14:15.478Z"}
{"level":"info","message":"Received request for bot status","timestamp":"2024-10-30T14:14:25.126Z"}
{"level":"info","message":"Received request for bot status","timestamp":"2024-10-30T14:14:26.141Z"}
{"level":"info","message":"Received request for bot status","timestamp":"2024-10-30T14:14:35.143Z"}
{"level":"info","message":"Received request for bot status","timestamp":"2024-10-30T14:14:36.164Z"}
{"level":"info","message":"Received request for bot status","timestamp":"2024-10-30T14:14:45.157Z"}
{"level":"info","message":"Received request for bot status","timestamp":"2024-10-30T14:14:46.164Z"}
{"level":"info","message":"Received request for bot status","timestamp":"2024-10-30T14:14:55.158Z"}
{"level":"info","message":"Received request for bot status","timestamp":"2024-10-30T14:14:56.174Z"}
{"level":"info","message":"Received request for bot status","timestamp":"2024-10-30T14:15:05.184Z"}
{"level":"info","message":"Received request for bot status","timestamp":"2024-10-30T14:15:06.201Z"}
{"level":"info","message":"Received request for bot status","timestamp":"2024-10-30T14:15:15.181Z"}
{"level":"info","message":"Received request for bot status","timestamp":"2024-10-30T14:15:16.203Z"}
{"level":"info","message":"Received request for bot status","timestamp":"2024-10-30T14:15:25.186Z"}
{"level":"info","message":"Received request for bot status","timestamp":"2024-10-30T14:15:26.215Z"}
{"level":"info","message":"Received request for bot status","timestamp":"2024-10-30T14:15:35.189Z"}
{"level":"info","message":"Received request for bot status","timestamp":"2024-10-30T14:15:36.213Z"}
{"level":"info","message":"Received request for bot status","timestamp":"2024-10-30T14:15:45.201Z"}
{"level":"info","message":"Received request for bot status","timestamp":"2024-10-30T14:15:46.223Z"}
{"level":"info","message":"Received request for bot status","timestamp":"2024-10-30T14:15:55.213Z"}
{"level":"info","message":"Received request for bot status","timestamp":"2024-10-30T14:15:56.236Z"}
{"level":"info","message":"Received request for bot status","timestamp":"2024-10-30T14:16:05.221Z"}
{"level":"info","message":"Received request for bot status","timestamp":"2024-10-30T14:16:06.239Z"}
{"level":"info","message":"Received request for bot status","timestamp":"2024-10-30T14:16:15.229Z"}
{"level":"info","message":"Received request for bot status","timestamp":"2024-10-30T14:16:16.241Z"}
{"level":"info","message":"Received request for bot status","timestamp":"2024-10-30T14:16:25.244Z"}
{"level":"info","message":"Received request for bot status","timestamp":"2024-10-30T14:16:26.264Z"}
{"level":"info","message":"Received request for bot status","timestamp":"2024-10-30T14:16:35.248Z"}
{"level":"info","message":"Received request for bot status","timestamp":"2024-10-30T14:16:36.275Z"}
{"level":"info","message":"Received request for bot status","timestamp":"2024-10-30T14:22:23.414Z"}
{"level":"info","message":"Received request for bot status","timestamp":"2024-10-30T14:22:23.415Z"}
{"level":"info","message":"Received request for bot status","timestamp":"2024-10-30T14:22:33.612Z"}
{"level":"info","message":"Received request for bot status","timestamp":"2024-10-30T14:22:33.613Z"}
{"level":"info","message":"Received request for bot status","timestamp":"2024-10-30T14:22:58.316Z"}
{"level":"info","message":"Received request for bot status","timestamp":"2024-10-30T14:22:58.324Z"}
{"level":"info","message":"Received request for bot status","timestamp":"2024-10-30T14:33:58.303Z"}
{"level":"info","message":"Received request for bot status","timestamp":"2024-10-30T14:33:58.306Z"}
{"level":"info","message":"Received request for bot status","timestamp":"2024-10-30T14:34:02.354Z"}
{"level":"info","message":"Received request for bot status","timestamp":"2024-10-30T14:34:02.356Z"}
{"level":"info","message":"Received request for bot status","timestamp":"2024-10-30T14:34:13.326Z"}
{"level":"info","message":"Received request for bot status","timestamp":"2024-10-30T14:34:13.328Z"}
{"level":"info","message":"Received request for bot status","timestamp":"2024-10-30T14:34:23.378Z"}
{"level":"info","message":"Received request for bot status","timestamp":"2024-10-30T14:34:23.379Z"}
{"level":"info","message":"Received request for bot status","timestamp":"2024-10-30T14:34:33.387Z"}
{"level":"info","message":"Received request for bot status","timestamp":"2024-10-30T14:34:33.389Z"}
{"level":"info","message":"Received request for bot status","timestamp":"2024-10-30T14:34:43.387Z"}
{"level":"info","message":"Received request for bot status","timestamp":"2024-10-30T14:34:43.389Z"}
{"level":"info","message":"Received request for bot status","timestamp":"2024-10-30T14:34:53.400Z"}
{"level":"info","message":"Received request for bot status","timestamp":"2024-10-30T14:34:53.402Z"}
{"level":"info","message":"Received request for bot status","timestamp":"2024-10-30T14:35:03.418Z"}
{"level":"info","message":"Received request for bot status","timestamp":"2024-10-30T14:35:03.419Z"}
{"level":"info","message":"Received request for bot status","timestamp":"2024-10-30T14:35:13.425Z"}
{"level":"info","message":"Received request for bot status","timestamp":"2024-10-30T14:35:13.426Z"}
{"level":"info","message":"Received request for bot status","timestamp":"2024-10-30T14:35:23.430Z"}
{"level":"info","message":"Received request for bot status","timestamp":"2024-10-30T14:35:23.432Z"}
{"level":"info","message":"Received request for bot status","timestamp":"2024-10-30T14:35:33.443Z"}
{"level":"info","message":"Received request for bot status","timestamp":"2024-10-30T14:35:33.447Z"}
{"level":"info","message":"Bot API server is running on port 3002","timestamp":"2024-11-01T03:56:59.035Z"}
{"level":"info","message":"Connected to TS3 server successfully.","timestamp":"2024-11-01T03:57:01.380Z"}
{"level":"error","message":"TS3 Client Error: read ECONNRESET","timestamp":"2024-11-01T07:15:41.744Z"}
{"level":"warn","message":"TS3 Client disconnected.","timestamp":"2024-11-01T07:15:41.749Z"}
{"level":"info","message":"Bot API server is running on port 3002","timestamp":"2024-11-11T02:46:16.941Z"}
{"level":"error","message":"Error initializing TS3 Client: Operation `ts3_credentials.findOne()` buffering timed out after 10000ms","timestamp":"2024-11-11T02:46:26.952Z"}
